{"/home/robert/Desktop/Final-Project/backend/src/components/hotel/hotel.controller.ts": {"path":"/home/robert/Desktop/Final-Project/backend/src/components/hotel/hotel.controller.ts","statementMap":{"0":{"start":{"line":3,"column":0},"end":{"line":3,"column":48}},"1":{"start":{"line":5,"column":28},"end":{"line":13,"column":1}},"2":{"start":{"line":6,"column":4},"end":{"line":12,"column":5}},"3":{"start":{"line":7,"column":23},"end":{"line":7,"column":56}},"4":{"start":{"line":8,"column":8},"end":{"line":8,"column":25}},"5":{"start":{"line":10,"column":8},"end":{"line":10,"column":55}},"6":{"start":{"line":11,"column":8},"end":{"line":11,"column":68}},"7":{"start":{"line":5,"column":13},"end":{"line":5,"column":28}},"8":{"start":{"line":15,"column":28},"end":{"line":28,"column":1}},"9":{"start":{"line":16,"column":4},"end":{"line":27,"column":5}},"10":{"start":{"line":17,"column":24},"end":{"line":17,"column":45}},"11":{"start":{"line":18,"column":8},"end":{"line":20,"column":9}},"12":{"start":{"line":19,"column":12},"end":{"line":19,"column":73}},"13":{"start":{"line":21,"column":22},"end":{"line":21,"column":62}},"14":{"start":{"line":23,"column":8},"end":{"line":23,"column":24}},"15":{"start":{"line":25,"column":8},"end":{"line":25,"column":54}},"16":{"start":{"line":26,"column":8},"end":{"line":26,"column":67}},"17":{"start":{"line":15,"column":13},"end":{"line":15,"column":28}},"18":{"start":{"line":30,"column":27},"end":{"line":38,"column":1}},"19":{"start":{"line":31,"column":4},"end":{"line":37,"column":5}},"20":{"start":{"line":32,"column":22},"end":{"line":32,"column":62}},"21":{"start":{"line":33,"column":8},"end":{"line":33,"column":36}},"22":{"start":{"line":35,"column":8},"end":{"line":35,"column":54}},"23":{"start":{"line":36,"column":8},"end":{"line":36,"column":68}},"24":{"start":{"line":30,"column":13},"end":{"line":30,"column":27}},"25":{"start":{"line":40,"column":27},"end":{"line":58,"column":1}},"26":{"start":{"line":41,"column":4},"end":{"line":57,"column":5}},"27":{"start":{"line":42,"column":24},"end":{"line":42,"column":45}},"28":{"start":{"line":43,"column":8},"end":{"line":45,"column":9}},"29":{"start":{"line":44,"column":12},"end":{"line":44,"column":73}},"30":{"start":{"line":46,"column":22},"end":{"line":46,"column":62}},"31":{"start":{"line":48,"column":8},"end":{"line":50,"column":9}},"32":{"start":{"line":49,"column":12},"end":{"line":49,"column":72}},"33":{"start":{"line":52,"column":8},"end":{"line":52,"column":48}},"34":{"start":{"line":53,"column":8},"end":{"line":53,"column":31}},"35":{"start":{"line":55,"column":8},"end":{"line":55,"column":54}},"36":{"start":{"line":56,"column":8},"end":{"line":56,"column":68}},"37":{"start":{"line":40,"column":13},"end":{"line":40,"column":27}},"38":{"start":{"line":60,"column":27},"end":{"line":79,"column":1}},"39":{"start":{"line":61,"column":4},"end":{"line":78,"column":5}},"40":{"start":{"line":62,"column":24},"end":{"line":62,"column":45}},"41":{"start":{"line":64,"column":8},"end":{"line":66,"column":9}},"42":{"start":{"line":65,"column":12},"end":{"line":65,"column":73}},"43":{"start":{"line":67,"column":30},"end":{"line":67,"column":70}},"44":{"start":{"line":69,"column":8},"end":{"line":71,"column":9}},"45":{"start":{"line":70,"column":12},"end":{"line":70,"column":72}},"46":{"start":{"line":73,"column":29},"end":{"line":73,"column":78}},"47":{"start":{"line":74,"column":8},"end":{"line":74,"column":31}},"48":{"start":{"line":76,"column":8},"end":{"line":76,"column":54}},"49":{"start":{"line":77,"column":8},"end":{"line":77,"column":68}},"50":{"start":{"line":60,"column":13},"end":{"line":60,"column":27}},"51":{"start":{"line":81,"column":35},"end":{"line":90,"column":1}},"52":{"start":{"line":82,"column":4},"end":{"line":89,"column":5}},"53":{"start":{"line":83,"column":25},"end":{"line":83,"column":44}},"54":{"start":{"line":84,"column":23},"end":{"line":84,"column":71}},"55":{"start":{"line":85,"column":8},"end":{"line":85,"column":25}},"56":{"start":{"line":87,"column":8},"end":{"line":87,"column":67}},"57":{"start":{"line":88,"column":8},"end":{"line":88,"column":80}},"58":{"start":{"line":81,"column":13},"end":{"line":81,"column":35}}},"fnMap":{"0":{"name":"(anonymous_9)","decl":{"start":{"line":5,"column":28},"end":{"line":5,"column":33}},"loc":{"start":{"line":5,"column":67},"end":{"line":13,"column":1}}},"1":{"name":"(anonymous_10)","decl":{"start":{"line":15,"column":28},"end":{"line":15,"column":33}},"loc":{"start":{"line":15,"column":66},"end":{"line":28,"column":1}}},"2":{"name":"(anonymous_11)","decl":{"start":{"line":30,"column":27},"end":{"line":30,"column":32}},"loc":{"start":{"line":30,"column":65},"end":{"line":38,"column":1}}},"3":{"name":"(anonymous_12)","decl":{"start":{"line":40,"column":27},"end":{"line":40,"column":32}},"loc":{"start":{"line":40,"column":65},"end":{"line":58,"column":1}}},"4":{"name":"(anonymous_13)","decl":{"start":{"line":60,"column":27},"end":{"line":60,"column":32}},"loc":{"start":{"line":60,"column":65},"end":{"line":79,"column":1}}},"5":{"name":"(anonymous_14)","decl":{"start":{"line":81,"column":35},"end":{"line":81,"column":40}},"loc":{"start":{"line":81,"column":73},"end":{"line":90,"column":1}}}},"branchMap":{"0":{"loc":{"start":{"line":18,"column":8},"end":{"line":20,"column":9}},"type":"if","locations":[{"start":{"line":18,"column":8},"end":{"line":20,"column":9}}]},"1":{"loc":{"start":{"line":43,"column":8},"end":{"line":45,"column":9}},"type":"if","locations":[{"start":{"line":43,"column":8},"end":{"line":45,"column":9}}]},"2":{"loc":{"start":{"line":48,"column":8},"end":{"line":50,"column":9}},"type":"if","locations":[{"start":{"line":48,"column":8},"end":{"line":50,"column":9}}]},"3":{"loc":{"start":{"line":64,"column":8},"end":{"line":66,"column":9}},"type":"if","locations":[{"start":{"line":64,"column":8},"end":{"line":66,"column":9}}]},"4":{"loc":{"start":{"line":69,"column":8},"end":{"line":71,"column":9}},"type":"if","locations":[{"start":{"line":69,"column":8},"end":{"line":71,"column":9}}]}},"s":{"0":1,"1":1,"2":2,"3":2,"4":1,"5":1,"6":1,"7":1,"8":1,"9":2,"10":2,"11":2,"12":0,"13":2,"14":2,"15":0,"16":0,"17":1,"18":1,"19":2,"20":2,"21":1,"22":1,"23":1,"24":1,"25":1,"26":4,"27":4,"28":4,"29":1,"30":3,"31":2,"32":1,"33":1,"34":1,"35":1,"36":1,"37":1,"38":1,"39":3,"40":3,"41":3,"42":1,"43":2,"44":2,"45":1,"46":1,"47":1,"48":0,"49":0,"50":1,"51":1,"52":1,"53":1,"54":1,"55":1,"56":0,"57":0,"58":1},"f":{"0":2,"1":2,"2":2,"3":4,"4":3,"5":1},"b":{"0":[0],"1":[1],"2":[1],"3":[1],"4":[1]}}
,"/home/robert/Desktop/Final-Project/backend/src/components/hotel/hotel.service.ts": {"path":"/home/robert/Desktop/Final-Project/backend/src/components/hotel/hotel.service.ts","statementMap":{"0":{"start":{"line":2,"column":0},"end":{"line":2,"column":33}},"1":{"start":{"line":3,"column":0},"end":{"line":3,"column":38}},"2":{"start":{"line":4,"column":0},"end":{"line":4,"column":51}},"3":{"start":{"line":6,"column":28},"end":{"line":8,"column":1}},"4":{"start":{"line":7,"column":4},"end":{"line":7,"column":47}},"5":{"start":{"line":6,"column":13},"end":{"line":6,"column":28}},"6":{"start":{"line":10,"column":28},"end":{"line":13,"column":1}},"7":{"start":{"line":11,"column":19},"end":{"line":11,"column":89}},"8":{"start":{"line":12,"column":4},"end":{"line":12,"column":29}},"9":{"start":{"line":10,"column":13},"end":{"line":10,"column":28}},"10":{"start":{"line":15,"column":27},"end":{"line":18,"column":1}},"11":{"start":{"line":16,"column":19},"end":{"line":16,"column":77}},"12":{"start":{"line":17,"column":4},"end":{"line":17,"column":21}},"13":{"start":{"line":15,"column":13},"end":{"line":15,"column":27}},"14":{"start":{"line":20,"column":27},"end":{"line":23,"column":1}},"15":{"start":{"line":21,"column":19},"end":{"line":21,"column":104}},"16":{"start":{"line":22,"column":4},"end":{"line":22,"column":29}},"17":{"start":{"line":20,"column":13},"end":{"line":20,"column":27}},"18":{"start":{"line":25,"column":27},"end":{"line":27,"column":1}},"19":{"start":{"line":26,"column":4},"end":{"line":26,"column":68}},"20":{"start":{"line":25,"column":13},"end":{"line":25,"column":27}},"21":{"start":{"line":29,"column":35},"end":{"line":32,"column":1}},"22":{"start":{"line":30,"column":19},"end":{"line":30,"column":96}},"23":{"start":{"line":31,"column":4},"end":{"line":31,"column":29}},"24":{"start":{"line":29,"column":13},"end":{"line":29,"column":35}}},"fnMap":{"0":{"name":"(anonymous_0)","decl":{"start":{"line":6,"column":28},"end":{"line":6,"column":33}},"loc":{"start":{"line":6,"column":39},"end":{"line":8,"column":1}}},"1":{"name":"(anonymous_1)","decl":{"start":{"line":10,"column":28},"end":{"line":10,"column":33}},"loc":{"start":{"line":10,"column":49},"end":{"line":13,"column":1}}},"2":{"name":"(anonymous_2)","decl":{"start":{"line":15,"column":27},"end":{"line":15,"column":32}},"loc":{"start":{"line":15,"column":97},"end":{"line":18,"column":1}}},"3":{"name":"(anonymous_3)","decl":{"start":{"line":20,"column":27},"end":{"line":20,"column":32}},"loc":{"start":{"line":20,"column":96},"end":{"line":23,"column":1}}},"4":{"name":"(anonymous_4)","decl":{"start":{"line":25,"column":27},"end":{"line":25,"column":32}},"loc":{"start":{"line":25,"column":48},"end":{"line":27,"column":1}}},"5":{"name":"(anonymous_5)","decl":{"start":{"line":29,"column":35},"end":{"line":29,"column":40}},"loc":{"start":{"line":29,"column":62},"end":{"line":32,"column":1}}}},"branchMap":{"0":{"loc":{"start":{"line":12,"column":11},"end":{"line":12,"column":28}},"type":"binary-expr","locations":[{"start":{"line":12,"column":11},"end":{"line":12,"column":20}},{"start":{"line":12,"column":24},"end":{"line":12,"column":28}}]},"1":{"loc":{"start":{"line":22,"column":11},"end":{"line":22,"column":28}},"type":"binary-expr","locations":[{"start":{"line":22,"column":11},"end":{"line":22,"column":20}},{"start":{"line":22,"column":24},"end":{"line":22,"column":28}}]},"2":{"loc":{"start":{"line":31,"column":11},"end":{"line":31,"column":28}},"type":"binary-expr","locations":[{"start":{"line":31,"column":11},"end":{"line":31,"column":20}},{"start":{"line":31,"column":24},"end":{"line":31,"column":28}}]}},"s":{"0":1,"1":1,"2":1,"3":1,"4":0,"5":1,"6":1,"7":0,"8":0,"9":1,"10":1,"11":0,"12":0,"13":1,"14":1,"15":0,"16":0,"17":1,"18":1,"19":0,"20":1,"21":1,"22":0,"23":0,"24":1},"f":{"0":0,"1":0,"2":0,"3":0,"4":0,"5":0},"b":{"0":[0,0],"1":[0,0],"2":[0,0]}}
}
