{"/home/robert/Desktop/Final-Project/backend/src/components/rooms/room.controller.ts": {"path":"/home/robert/Desktop/Final-Project/backend/src/components/rooms/room.controller.ts","statementMap":{"0":{"start":{"line":3,"column":0},"end":{"line":3,"column":46}},"1":{"start":{"line":5,"column":27},"end":{"line":13,"column":1}},"2":{"start":{"line":6,"column":4},"end":{"line":12,"column":5}},"3":{"start":{"line":7,"column":22},"end":{"line":7,"column":53}},"4":{"start":{"line":8,"column":8},"end":{"line":8,"column":24}},"5":{"start":{"line":10,"column":8},"end":{"line":10,"column":54}},"6":{"start":{"line":11,"column":8},"end":{"line":11,"column":67}},"7":{"start":{"line":5,"column":13},"end":{"line":5,"column":27}},"8":{"start":{"line":15,"column":27},"end":{"line":32,"column":1}},"9":{"start":{"line":16,"column":4},"end":{"line":31,"column":5}},"10":{"start":{"line":17,"column":23},"end":{"line":17,"column":44}},"11":{"start":{"line":18,"column":8},"end":{"line":20,"column":9}},"12":{"start":{"line":19,"column":12},"end":{"line":19,"column":72}},"13":{"start":{"line":21,"column":21},"end":{"line":21,"column":58}},"14":{"start":{"line":23,"column":8},"end":{"line":25,"column":9}},"15":{"start":{"line":24,"column":12},"end":{"line":24,"column":71}},"16":{"start":{"line":27,"column":8},"end":{"line":27,"column":23}},"17":{"start":{"line":29,"column":8},"end":{"line":29,"column":53}},"18":{"start":{"line":30,"column":8},"end":{"line":30,"column":66}},"19":{"start":{"line":15,"column":13},"end":{"line":15,"column":27}},"20":{"start":{"line":34,"column":26},"end":{"line":42,"column":1}},"21":{"start":{"line":35,"column":4},"end":{"line":41,"column":5}},"22":{"start":{"line":36,"column":21},"end":{"line":36,"column":59}},"23":{"start":{"line":37,"column":8},"end":{"line":37,"column":35}},"24":{"start":{"line":39,"column":8},"end":{"line":39,"column":53}},"25":{"start":{"line":40,"column":8},"end":{"line":40,"column":67}},"26":{"start":{"line":34,"column":13},"end":{"line":34,"column":26}},"27":{"start":{"line":44,"column":26},"end":{"line":62,"column":1}},"28":{"start":{"line":45,"column":4},"end":{"line":61,"column":5}},"29":{"start":{"line":46,"column":23},"end":{"line":46,"column":44}},"30":{"start":{"line":47,"column":8},"end":{"line":49,"column":9}},"31":{"start":{"line":48,"column":12},"end":{"line":48,"column":72}},"32":{"start":{"line":50,"column":21},"end":{"line":50,"column":58}},"33":{"start":{"line":52,"column":8},"end":{"line":54,"column":9}},"34":{"start":{"line":53,"column":12},"end":{"line":53,"column":71}},"35":{"start":{"line":56,"column":8},"end":{"line":56,"column":45}},"36":{"start":{"line":57,"column":8},"end":{"line":57,"column":31}},"37":{"start":{"line":59,"column":8},"end":{"line":59,"column":53}},"38":{"start":{"line":60,"column":8},"end":{"line":60,"column":67}},"39":{"start":{"line":44,"column":13},"end":{"line":44,"column":26}},"40":{"start":{"line":64,"column":26},"end":{"line":82,"column":1}},"41":{"start":{"line":65,"column":4},"end":{"line":81,"column":5}},"42":{"start":{"line":66,"column":23},"end":{"line":66,"column":44}},"43":{"start":{"line":67,"column":8},"end":{"line":69,"column":9}},"44":{"start":{"line":68,"column":12},"end":{"line":68,"column":72}},"45":{"start":{"line":70,"column":29},"end":{"line":70,"column":66}},"46":{"start":{"line":72,"column":8},"end":{"line":74,"column":9}},"47":{"start":{"line":73,"column":12},"end":{"line":73,"column":71}},"48":{"start":{"line":76,"column":28},"end":{"line":76,"column":74}},"49":{"start":{"line":77,"column":8},"end":{"line":77,"column":30}},"50":{"start":{"line":79,"column":8},"end":{"line":79,"column":53}},"51":{"start":{"line":80,"column":8},"end":{"line":80,"column":67}},"52":{"start":{"line":64,"column":13},"end":{"line":64,"column":26}},"53":{"start":{"line":84,"column":33},"end":{"line":96,"column":1}},"54":{"start":{"line":85,"column":4},"end":{"line":95,"column":5}},"55":{"start":{"line":86,"column":24},"end":{"line":86,"column":50}},"56":{"start":{"line":87,"column":8},"end":{"line":89,"column":9}},"57":{"start":{"line":88,"column":12},"end":{"line":88,"column":72}},"58":{"start":{"line":90,"column":22},"end":{"line":90,"column":66}},"59":{"start":{"line":91,"column":8},"end":{"line":91,"column":24}},"60":{"start":{"line":93,"column":8},"end":{"line":93,"column":65}},"61":{"start":{"line":94,"column":8},"end":{"line":94,"column":76}},"62":{"start":{"line":84,"column":13},"end":{"line":84,"column":33}}},"fnMap":{"0":{"name":"(anonymous_9)","decl":{"start":{"line":5,"column":27},"end":{"line":5,"column":32}},"loc":{"start":{"line":5,"column":66},"end":{"line":13,"column":1}}},"1":{"name":"(anonymous_10)","decl":{"start":{"line":15,"column":27},"end":{"line":15,"column":32}},"loc":{"start":{"line":15,"column":65},"end":{"line":32,"column":1}}},"2":{"name":"(anonymous_11)","decl":{"start":{"line":34,"column":26},"end":{"line":34,"column":31}},"loc":{"start":{"line":34,"column":64},"end":{"line":42,"column":1}}},"3":{"name":"(anonymous_12)","decl":{"start":{"line":44,"column":26},"end":{"line":44,"column":31}},"loc":{"start":{"line":44,"column":64},"end":{"line":62,"column":1}}},"4":{"name":"(anonymous_13)","decl":{"start":{"line":64,"column":26},"end":{"line":64,"column":31}},"loc":{"start":{"line":64,"column":64},"end":{"line":82,"column":1}}},"5":{"name":"(anonymous_14)","decl":{"start":{"line":84,"column":33},"end":{"line":84,"column":38}},"loc":{"start":{"line":84,"column":71},"end":{"line":96,"column":1}}}},"branchMap":{"0":{"loc":{"start":{"line":18,"column":8},"end":{"line":20,"column":9}},"type":"if","locations":[{"start":{"line":18,"column":8},"end":{"line":20,"column":9}}]},"1":{"loc":{"start":{"line":23,"column":8},"end":{"line":25,"column":9}},"type":"if","locations":[{"start":{"line":23,"column":8},"end":{"line":25,"column":9}}]},"2":{"loc":{"start":{"line":47,"column":8},"end":{"line":49,"column":9}},"type":"if","locations":[{"start":{"line":47,"column":8},"end":{"line":49,"column":9}}]},"3":{"loc":{"start":{"line":52,"column":8},"end":{"line":54,"column":9}},"type":"if","locations":[{"start":{"line":52,"column":8},"end":{"line":54,"column":9}}]},"4":{"loc":{"start":{"line":67,"column":8},"end":{"line":69,"column":9}},"type":"if","locations":[{"start":{"line":67,"column":8},"end":{"line":69,"column":9}}]},"5":{"loc":{"start":{"line":72,"column":8},"end":{"line":74,"column":9}},"type":"if","locations":[{"start":{"line":72,"column":8},"end":{"line":74,"column":9}}]},"6":{"loc":{"start":{"line":87,"column":8},"end":{"line":89,"column":9}},"type":"if","locations":[{"start":{"line":87,"column":8},"end":{"line":89,"column":9}}]}},"s":{"0":1,"1":1,"2":3,"3":3,"4":1,"5":2,"6":2,"7":1,"8":1,"9":4,"10":4,"11":4,"12":1,"13":3,"14":2,"15":1,"16":1,"17":1,"18":1,"19":1,"20":1,"21":2,"22":2,"23":1,"24":1,"25":1,"26":1,"27":1,"28":3,"29":3,"30":3,"31":0,"32":3,"33":3,"34":1,"35":2,"36":1,"37":1,"38":1,"39":1,"40":1,"41":3,"42":3,"43":3,"44":0,"45":3,"46":3,"47":1,"48":2,"49":1,"50":1,"51":1,"52":1,"53":1,"54":3,"55":3,"56":3,"57":1,"58":2,"59":1,"60":1,"61":1,"62":1},"f":{"0":3,"1":4,"2":2,"3":3,"4":3,"5":3},"b":{"0":[1],"1":[1],"2":[0],"3":[1],"4":[0],"5":[1],"6":[1]}}
,"/home/robert/Desktop/Final-Project/backend/src/components/rooms/room.service.ts": {"path":"/home/robert/Desktop/Final-Project/backend/src/components/rooms/room.service.ts","statementMap":{"0":{"start":{"line":2,"column":0},"end":{"line":2,"column":33}},"1":{"start":{"line":3,"column":0},"end":{"line":3,"column":38}},"2":{"start":{"line":4,"column":0},"end":{"line":4,"column":50}},"3":{"start":{"line":6,"column":27},"end":{"line":8,"column":1}},"4":{"start":{"line":7,"column":4},"end":{"line":7,"column":46}},"5":{"start":{"line":6,"column":13},"end":{"line":6,"column":27}},"6":{"start":{"line":10,"column":27},"end":{"line":13,"column":1}},"7":{"start":{"line":11,"column":19},"end":{"line":11,"column":86}},"8":{"start":{"line":12,"column":4},"end":{"line":12,"column":29}},"9":{"start":{"line":10,"column":13},"end":{"line":10,"column":27}},"10":{"start":{"line":15,"column":26},"end":{"line":18,"column":1}},"11":{"start":{"line":16,"column":19},"end":{"line":16,"column":75}},"12":{"start":{"line":17,"column":4},"end":{"line":17,"column":21}},"13":{"start":{"line":15,"column":13},"end":{"line":15,"column":26}},"14":{"start":{"line":20,"column":26},"end":{"line":23,"column":1}},"15":{"start":{"line":21,"column":19},"end":{"line":21,"column":101}},"16":{"start":{"line":22,"column":4},"end":{"line":22,"column":29}},"17":{"start":{"line":20,"column":13},"end":{"line":20,"column":26}},"18":{"start":{"line":25,"column":26},"end":{"line":27,"column":1}},"19":{"start":{"line":26,"column":4},"end":{"line":26,"column":65}},"20":{"start":{"line":25,"column":13},"end":{"line":25,"column":26}},"21":{"start":{"line":29,"column":33},"end":{"line":32,"column":1}},"22":{"start":{"line":30,"column":19},"end":{"line":30,"column":92}},"23":{"start":{"line":31,"column":4},"end":{"line":31,"column":18}},"24":{"start":{"line":29,"column":13},"end":{"line":29,"column":33}}},"fnMap":{"0":{"name":"(anonymous_0)","decl":{"start":{"line":6,"column":27},"end":{"line":6,"column":32}},"loc":{"start":{"line":6,"column":38},"end":{"line":8,"column":1}}},"1":{"name":"(anonymous_1)","decl":{"start":{"line":10,"column":27},"end":{"line":10,"column":32}},"loc":{"start":{"line":10,"column":48},"end":{"line":13,"column":1}}},"2":{"name":"(anonymous_2)","decl":{"start":{"line":15,"column":26},"end":{"line":15,"column":31}},"loc":{"start":{"line":15,"column":93},"end":{"line":18,"column":1}}},"3":{"name":"(anonymous_3)","decl":{"start":{"line":20,"column":26},"end":{"line":20,"column":31}},"loc":{"start":{"line":20,"column":94},"end":{"line":23,"column":1}}},"4":{"name":"(anonymous_4)","decl":{"start":{"line":25,"column":26},"end":{"line":25,"column":31}},"loc":{"start":{"line":25,"column":47},"end":{"line":27,"column":1}}},"5":{"name":"(anonymous_5)","decl":{"start":{"line":29,"column":33},"end":{"line":29,"column":38}},"loc":{"start":{"line":29,"column":59},"end":{"line":32,"column":1}}}},"branchMap":{"0":{"loc":{"start":{"line":12,"column":11},"end":{"line":12,"column":28}},"type":"binary-expr","locations":[{"start":{"line":12,"column":11},"end":{"line":12,"column":20}},{"start":{"line":12,"column":24},"end":{"line":12,"column":28}}]},"1":{"loc":{"start":{"line":22,"column":11},"end":{"line":22,"column":28}},"type":"binary-expr","locations":[{"start":{"line":22,"column":11},"end":{"line":22,"column":20}},{"start":{"line":22,"column":24},"end":{"line":22,"column":28}}]}},"s":{"0":1,"1":1,"2":1,"3":1,"4":0,"5":1,"6":1,"7":0,"8":0,"9":1,"10":1,"11":0,"12":0,"13":1,"14":1,"15":0,"16":0,"17":1,"18":1,"19":0,"20":1,"21":1,"22":0,"23":0,"24":1},"f":{"0":0,"1":0,"2":0,"3":0,"4":0,"5":0},"b":{"0":[0,0],"1":[0,0]}}
}
