TN:
SF:src/components/bookings/booking.controller.ts
FN:5,(anonymous_9)
FN:15,(anonymous_10)
FN:31,(anonymous_11)
FN:41,(anonymous_12)
FN:58,(anonymous_13)
FN:75,(anonymous_14)
FN:91,(anonymous_15)
FNF:7
FNH:7
FNDA:1,(anonymous_9)
FNDA:2,(anonymous_10)
FNDA:1,(anonymous_11)
FNDA:2,(anonymous_12)
FNDA:2,(anonymous_13)
FNDA:2,(anonymous_14)
FNDA:3,(anonymous_15)
DA:3,1
DA:5,1
DA:6,1
DA:7,1
DA:8,1
DA:10,0
DA:11,0
DA:15,1
DA:16,2
DA:17,2
DA:18,2
DA:20,2
DA:21,1
DA:24,1
DA:26,0
DA:27,0
DA:31,1
DA:32,1
DA:33,1
DA:34,1
DA:36,0
DA:37,0
DA:41,1
DA:42,2
DA:43,2
DA:44,2
DA:46,2
DA:47,1
DA:50,1
DA:51,1
DA:53,0
DA:54,0
DA:58,1
DA:59,2
DA:60,2
DA:61,2
DA:63,2
DA:64,1
DA:67,1
DA:68,1
DA:70,0
DA:71,0
DA:75,1
DA:76,2
DA:77,2
DA:79,2
DA:80,1
DA:83,1
DA:84,1
DA:86,0
DA:87,0
DA:91,1
DA:92,3
DA:93,3
DA:96,3
DA:97,1
DA:98,2
DA:99,1
DA:101,1
DA:104,2
DA:105,2
DA:107,0
DA:108,0
LF:63
LH:49
BRDA:20,0,0,1
BRDA:46,1,0,1
BRDA:63,2,0,1
BRDA:79,3,0,1
BRDA:96,4,0,1
BRDA:96,4,1,2
BRDA:98,5,0,1
BRDA:98,5,1,1
BRF:8
BRH:8
end_of_record
TN:
SF:src/components/bookings/booking.service.ts
FN:6,(anonymous_0)
FN:10,(anonymous_1)
FN:15,(anonymous_2)
FN:20,(anonymous_3)
FN:25,(anonymous_4)
FN:29,(anonymous_5)
FN:34,(anonymous_6)
FNF:7
FNH:0
FNDA:0,(anonymous_0)
FNDA:0,(anonymous_1)
FNDA:0,(anonymous_2)
FNDA:0,(anonymous_3)
FNDA:0,(anonymous_4)
FNDA:0,(anonymous_5)
FNDA:0,(anonymous_6)
DA:2,1
DA:3,1
DA:4,1
DA:6,1
DA:7,0
DA:10,1
DA:11,0
DA:12,0
DA:15,1
DA:16,0
DA:17,0
DA:20,1
DA:21,0
DA:22,0
DA:25,1
DA:26,0
DA:29,1
DA:30,0
DA:31,0
DA:34,1
DA:35,0
DA:36,0
LF:22
LH:10
BRDA:12,0,0,0
BRDA:12,0,1,0
BRDA:22,1,0,0
BRDA:22,1,1,0
BRF:4
BRH:0
end_of_record
