TN:
SF:src/components/auth/auth.controller.ts
FN:4,(anonymous_9)
FN:14,(anonymous_10)
FN:30,(anonymous_11)
FNF:3
FNH:3
FNDA:2,(anonymous_9)
FNDA:5,(anonymous_10)
FNDA:2,(anonymous_11)
DA:2,1
DA:4,1
DA:5,2
DA:6,2
DA:7,1
DA:9,1
DA:10,1
DA:14,1
DA:15,5
DA:17,5
DA:18,3
DA:21,2
DA:22,2
DA:23,1
DA:25,1
DA:26,1
DA:30,1
DA:31,2
DA:32,2
DA:33,2
DA:34,1
DA:36,1
DA:37,1
LF:23
LH:23
BRDA:10,0,0,1
BRDA:10,0,1,0
BRDA:17,1,0,3
BRDA:17,2,0,5
BRDA:17,2,1,3
BRDA:26,3,0,1
BRDA:26,3,1,0
BRDA:37,4,0,1
BRDA:37,4,1,0
BRF:9
BRH:6
end_of_record
TN:
SF:src/components/auth/auth.service.ts
FN:12,(anonymous_1)
FN:42,(anonymous_2)
FN:47,(anonymous_3)
FN:65,(anonymous_4)
FN:70,(anonymous_5)
FNF:5
FNH:5
FNDA:1,(anonymous_1)
FNDA:3,(anonymous_2)
FNDA:3,(anonymous_3)
FNDA:4,(anonymous_4)
FNDA:4,(anonymous_5)
DA:1,2
DA:2,2
DA:3,2
DA:4,2
DA:5,2
DA:6,2
DA:7,2
DA:9,2
DA:10,2
DA:12,2
DA:13,1
DA:15,1
DA:23,1
DA:25,1
DA:27,1
DA:37,1
DA:39,1
DA:42,2
DA:43,3
DA:47,3
DA:49,3
DA:50,1
DA:51,1
DA:54,2
DA:55,2
DA:56,1
DA:57,1
DA:60,1
DA:62,1
DA:65,2
DA:66,4
DA:70,4
DA:72,4
DA:73,1
DA:76,3
DA:77,1
DA:80,2
DA:81,2
DA:82,1
DA:85,1
DA:87,1
LF:41
LH:41
BRDA:9,0,0,2
BRDA:9,0,1,1
BRDA:18,1,0,1
BRDA:18,1,1,1
BRDA:49,2,0,1
BRDA:55,3,0,1
BRDA:72,4,0,1
BRDA:76,5,0,1
BRDA:81,6,0,1
BRF:9
BRH:9
end_of_record
TN:
SF:src/components/bookings/booking.controller.ts
FN:5,(anonymous_9)
FN:15,(anonymous_10)
FN:31,(anonymous_11)
FN:41,(anonymous_12)
FN:58,(anonymous_13)
FN:75,(anonymous_14)
FN:91,(anonymous_15)
FNF:7
FNH:7
FNDA:2,(anonymous_9)
FNDA:3,(anonymous_10)
FNDA:2,(anonymous_11)
FNDA:3,(anonymous_12)
FNDA:3,(anonymous_13)
FNDA:2,(anonymous_14)
FNDA:3,(anonymous_15)
DA:3,1
DA:5,1
DA:6,2
DA:7,2
DA:8,1
DA:10,1
DA:11,1
DA:15,1
DA:16,3
DA:17,3
DA:18,3
DA:20,2
DA:21,1
DA:24,1
DA:26,1
DA:27,1
DA:31,1
DA:32,2
DA:33,2
DA:34,1
DA:36,1
DA:37,1
DA:41,1
DA:42,3
DA:43,3
DA:44,3
DA:46,2
DA:47,1
DA:50,1
DA:51,1
DA:53,1
DA:54,1
DA:58,1
DA:59,3
DA:60,3
DA:61,3
DA:63,2
DA:64,1
DA:67,1
DA:68,1
DA:70,1
DA:71,1
DA:75,1
DA:76,2
DA:77,2
DA:79,2
DA:80,1
DA:83,1
DA:84,1
DA:86,0
DA:87,0
DA:91,1
DA:92,3
DA:93,3
DA:96,3
DA:97,1
DA:98,2
DA:99,1
DA:101,1
DA:104,2
DA:105,2
DA:107,0
DA:108,0
LF:63
LH:59
BRDA:20,0,0,1
BRDA:46,1,0,1
BRDA:63,2,0,1
BRDA:79,3,0,1
BRDA:96,4,0,1
BRDA:96,4,1,2
BRDA:98,5,0,1
BRDA:98,5,1,1
BRF:8
BRH:8
end_of_record
TN:
SF:src/components/bookings/booking.service.ts
FN:6,(anonymous_0)
FN:10,(anonymous_1)
FN:15,(anonymous_2)
FN:20,(anonymous_3)
FN:25,(anonymous_4)
FN:29,(anonymous_5)
FN:34,(anonymous_6)
FNF:7
FNH:7
FNDA:1,(anonymous_0)
FNDA:2,(anonymous_1)
FNDA:1,(anonymous_2)
FNDA:2,(anonymous_3)
FNDA:1,(anonymous_4)
FNDA:1,(anonymous_5)
FNDA:1,(anonymous_6)
DA:2,2
DA:3,2
DA:4,2
DA:6,2
DA:7,1
DA:10,2
DA:11,2
DA:12,2
DA:15,2
DA:16,1
DA:17,1
DA:20,2
DA:21,2
DA:22,2
DA:25,2
DA:26,1
DA:29,2
DA:30,1
DA:31,1
DA:34,2
DA:35,1
DA:36,1
LF:22
LH:22
BRDA:12,0,0,2
BRDA:12,0,1,1
BRDA:22,1,0,2
BRDA:22,1,1,1
BRF:4
BRH:4
end_of_record
TN:
SF:src/components/hotel/hotel.controller.ts
FN:5,(anonymous_9)
FN:15,(anonymous_10)
FN:30,(anonymous_11)
FN:40,(anonymous_12)
FN:60,(anonymous_13)
FN:81,(anonymous_14)
FNF:6
FNH:6
FNDA:2,(anonymous_9)
FNDA:3,(anonymous_10)
FNDA:2,(anonymous_11)
FNDA:4,(anonymous_12)
FNDA:4,(anonymous_13)
FNDA:2,(anonymous_14)
DA:3,1
DA:5,1
DA:6,2
DA:7,2
DA:8,1
DA:10,1
DA:11,1
DA:15,1
DA:16,3
DA:17,3
DA:18,3
DA:19,1
DA:21,2
DA:23,1
DA:25,1
DA:26,1
DA:30,1
DA:31,2
DA:32,2
DA:33,1
DA:35,1
DA:36,1
DA:40,1
DA:41,4
DA:42,4
DA:43,4
DA:44,1
DA:46,3
DA:48,3
DA:49,1
DA:52,2
DA:53,1
DA:55,1
DA:56,1
DA:60,1
DA:61,4
DA:62,4
DA:64,4
DA:65,1
DA:67,3
DA:69,3
DA:70,1
DA:73,2
DA:74,1
DA:76,1
DA:77,1
DA:81,1
DA:82,2
DA:83,2
DA:84,2
DA:85,1
DA:87,1
DA:88,1
LF:53
LH:53
BRDA:18,0,0,1
BRDA:43,1,0,1
BRDA:48,2,0,1
BRDA:64,3,0,1
BRDA:69,4,0,1
BRF:5
BRH:5
end_of_record
TN:
SF:src/components/hotel/hotel.service.ts
FN:6,(anonymous_0)
FN:10,(anonymous_1)
FN:15,(anonymous_2)
FN:20,(anonymous_3)
FN:25,(anonymous_4)
FN:29,(anonymous_5)
FNF:6
FNH:6
FNDA:1,(anonymous_0)
FNDA:2,(anonymous_1)
FNDA:1,(anonymous_2)
FNDA:1,(anonymous_3)
FNDA:1,(anonymous_4)
FNDA:1,(anonymous_5)
DA:2,2
DA:3,2
DA:4,2
DA:6,2
DA:7,1
DA:10,2
DA:11,2
DA:12,2
DA:15,2
DA:16,1
DA:17,1
DA:20,2
DA:21,1
DA:22,1
DA:25,2
DA:26,1
DA:29,2
DA:30,1
DA:31,1
LF:19
LH:19
BRDA:12,0,0,2
BRDA:12,0,1,1
BRDA:22,1,0,1
BRDA:22,1,1,0
BRDA:31,2,0,1
BRDA:31,2,1,0
BRF:6
BRH:4
end_of_record
TN:
SF:src/components/payments/payment.controller.ts
FN:5,(anonymous_9)
FN:15,(anonymous_10)
FN:34,(anonymous_11)
FN:44,(anonymous_12)
FN:64,(anonymous_13)
FN:84,(anonymous_14)
FNF:6
FNH:6
FNDA:2,(anonymous_9)
FNDA:4,(anonymous_10)
FNDA:2,(anonymous_11)
FNDA:4,(anonymous_12)
FNDA:4,(anonymous_13)
FNDA:2,(anonymous_14)
DA:3,1
DA:5,1
DA:6,2
DA:7,2
DA:8,1
DA:10,1
DA:11,1
DA:15,1
DA:16,4
DA:17,4
DA:18,4
DA:19,1
DA:21,3
DA:23,2
DA:24,1
DA:27,1
DA:29,1
DA:30,1
DA:34,1
DA:35,2
DA:36,2
DA:37,1
DA:39,1
DA:40,1
DA:44,1
DA:45,4
DA:46,4
DA:47,4
DA:48,1
DA:50,3
DA:52,3
DA:53,1
DA:56,2
DA:57,1
DA:59,1
DA:60,1
DA:64,1
DA:65,4
DA:66,4
DA:67,4
DA:68,1
DA:70,3
DA:72,3
DA:73,1
DA:76,2
DA:77,1
DA:79,1
DA:80,1
DA:84,1
DA:85,2
DA:86,2
DA:87,2
DA:88,1
DA:90,1
DA:91,1
LF:55
LH:55
BRDA:18,0,0,1
BRDA:23,1,0,1
BRDA:47,2,0,1
BRDA:52,3,0,1
BRDA:67,4,0,1
BRDA:72,5,0,1
BRF:6
BRH:6
end_of_record
TN:
SF:src/components/payments/payment.service.ts
FN:6,(anonymous_0)
FN:10,(anonymous_1)
FN:15,(anonymous_2)
FN:20,(anonymous_3)
FN:25,(anonymous_4)
FN:29,(anonymous_5)
FNF:6
FNH:6
FNDA:1,(anonymous_0)
FNDA:2,(anonymous_1)
FNDA:1,(anonymous_2)
FNDA:2,(anonymous_3)
FNDA:1,(anonymous_4)
FNDA:2,(anonymous_5)
DA:2,2
DA:3,2
DA:4,2
DA:6,2
DA:7,1
DA:10,2
DA:11,2
DA:12,2
DA:15,2
DA:16,1
DA:17,1
DA:20,2
DA:21,2
DA:22,2
DA:25,2
DA:26,1
DA:29,2
DA:30,2
DA:31,2
LF:19
LH:19
BRDA:12,0,0,2
BRDA:12,0,1,1
BRDA:22,1,0,2
BRDA:22,1,1,1
BRDA:31,2,0,2
BRDA:31,2,1,1
BRF:6
BRH:6
end_of_record
TN:
SF:src/components/rooms/room.controller.ts
FN:5,(anonymous_9)
FN:15,(anonymous_10)
FN:34,(anonymous_11)
FN:44,(anonymous_12)
FN:64,(anonymous_13)
FN:84,(anonymous_14)
FNF:6
FNH:6
FNDA:3,(anonymous_9)
FNDA:4,(anonymous_10)
FNDA:2,(anonymous_11)
FNDA:3,(anonymous_12)
FNDA:3,(anonymous_13)
FNDA:3,(anonymous_14)
DA:3,1
DA:5,1
DA:6,3
DA:7,3
DA:8,1
DA:10,2
DA:11,2
DA:15,1
DA:16,4
DA:17,4
DA:18,4
DA:19,1
DA:21,3
DA:23,2
DA:24,1
DA:27,1
DA:29,1
DA:30,1
DA:34,1
DA:35,2
DA:36,2
DA:37,1
DA:39,1
DA:40,1
DA:44,1
DA:45,3
DA:46,3
DA:47,3
DA:48,0
DA:50,3
DA:52,3
DA:53,1
DA:56,2
DA:57,1
DA:59,1
DA:60,1
DA:64,1
DA:65,3
DA:66,3
DA:67,3
DA:68,0
DA:70,3
DA:72,3
DA:73,1
DA:76,2
DA:77,1
DA:79,1
DA:80,1
DA:84,1
DA:85,3
DA:86,3
DA:87,3
DA:88,1
DA:90,2
DA:91,1
DA:93,1
DA:94,1
LF:57
LH:55
BRDA:18,0,0,1
BRDA:23,1,0,1
BRDA:47,2,0,0
BRDA:52,3,0,1
BRDA:67,4,0,0
BRDA:72,5,0,1
BRDA:87,6,0,1
BRF:7
BRH:5
end_of_record
TN:
SF:src/components/rooms/room.service.ts
FN:6,(anonymous_0)
FN:10,(anonymous_1)
FN:15,(anonymous_2)
FN:20,(anonymous_3)
FN:25,(anonymous_4)
FN:29,(anonymous_5)
FNF:6
FNH:6
FNDA:1,(anonymous_0)
FNDA:2,(anonymous_1)
FNDA:1,(anonymous_2)
FNDA:1,(anonymous_3)
FNDA:1,(anonymous_4)
FNDA:1,(anonymous_5)
DA:2,2
DA:3,2
DA:4,2
DA:6,2
DA:7,1
DA:10,2
DA:11,2
DA:12,2
DA:15,2
DA:16,1
DA:17,1
DA:20,2
DA:21,1
DA:22,1
DA:25,2
DA:26,1
DA:29,2
DA:30,1
DA:31,1
LF:19
LH:19
BRDA:12,0,0,2
BRDA:12,0,1,1
BRDA:22,1,0,1
BRDA:22,1,1,0
BRF:4
BRH:3
end_of_record
TN:
SF:src/components/support-tickets/support-tickets.controller.ts
FN:4,(anonymous_9)
FN:14,(anonymous_10)
FN:30,(anonymous_11)
FN:46,(anonymous_12)
FN:66,(anonymous_13)
FN:76,(anonymous_14)
FN:93,(anonymous_15)
FNF:7
FNH:7
FNDA:2,(anonymous_9)
FNDA:3,(anonymous_10)
FNDA:3,(anonymous_11)
FNDA:4,(anonymous_12)
FNDA:2,(anonymous_13)
FNDA:3,(anonymous_14)
FNDA:3,(anonymous_15)
DA:2,1
DA:4,1
DA:5,2
DA:6,2
DA:7,1
DA:9,1
DA:10,1
DA:14,1
DA:15,3
DA:16,3
DA:17,3
DA:19,2
DA:20,1
DA:23,1
DA:25,1
DA:26,1
DA:30,1
DA:31,3
DA:32,3
DA:33,3
DA:35,2
DA:36,1
DA:39,1
DA:41,1
DA:42,1
DA:46,1
DA:47,4
DA:48,4
DA:49,4
DA:50,1
DA:53,3
DA:55,2
DA:56,1
DA:59,1
DA:61,1
DA:62,1
DA:66,1
DA:67,2
DA:68,2
DA:69,1
DA:71,1
DA:72,1
DA:76,1
DA:77,3
DA:78,3
DA:79,3
DA:81,3
DA:82,1
DA:85,2
DA:86,1
DA:88,1
DA:89,1
DA:93,1
DA:94,3
DA:95,3
DA:96,3
DA:98,3
DA:99,1
DA:102,2
DA:103,1
DA:105,1
DA:106,1
LF:62
LH:62
BRDA:19,0,0,1
BRDA:35,1,0,1
BRDA:49,2,0,1
BRDA:55,3,0,1
BRDA:81,4,0,1
BRDA:98,5,0,1
BRF:6
BRH:6
end_of_record
TN:
SF:src/components/support-tickets/support-tickets.service.ts
FN:6,(anonymous_0)
FN:10,(anonymous_1)
FN:15,(anonymous_2)
FN:20,(anonymous_3)
FN:29,(anonymous_4)
FN:33,(anonymous_5)
FN:38,(anonymous_6)
FNF:7
FNH:7
FNDA:1,(anonymous_0)
FNDA:2,(anonymous_1)
FNDA:1,(anonymous_2)
FNDA:1,(anonymous_3)
FNDA:1,(anonymous_4)
FNDA:2,(anonymous_5)
FNDA:2,(anonymous_6)
DA:2,2
DA:3,2
DA:4,2
DA:6,2
DA:7,1
DA:10,2
DA:11,2
DA:12,2
DA:15,2
DA:16,1
DA:17,1
DA:20,2
DA:21,1
DA:26,1
DA:29,2
DA:30,1
DA:33,2
DA:34,2
DA:35,2
DA:38,2
DA:41,2
DA:42,2
LF:22
LH:22
BRDA:12,0,0,2
BRDA:12,0,1,1
BRDA:26,1,0,1
BRDA:26,1,1,0
BRDA:35,2,0,2
BRDA:35,2,1,1
BRDA:42,3,0,2
BRDA:42,3,1,1
BRF:8
BRH:7
end_of_record
TN:
SF:src/components/user/user.controller.ts
FN:5,(anonymous_9)
FN:15,(anonymous_10)
FN:31,(anonymous_11)
FN:48,(anonymous_12)
FNF:4
FNH:4
FNDA:2,(anonymous_9)
FNDA:3,(anonymous_10)
FNDA:3,(anonymous_11)
FNDA:3,(anonymous_12)
DA:3,1
DA:5,1
DA:6,2
DA:7,2
DA:8,1
DA:10,1
DA:11,1
DA:15,1
DA:16,3
DA:17,3
DA:18,3
DA:20,2
DA:21,1
DA:24,1
DA:26,1
DA:27,1
DA:31,1
DA:32,3
DA:33,3
DA:34,3
DA:36,3
DA:37,1
DA:40,2
DA:41,1
DA:43,1
DA:44,1
DA:48,1
DA:49,3
DA:50,3
DA:51,3
DA:53,3
DA:54,1
DA:57,2
DA:58,1
DA:60,1
DA:61,1
LF:36
LH:36
BRDA:20,0,0,1
BRDA:36,1,0,1
BRDA:53,2,0,1
BRF:3
BRH:3
end_of_record
TN:
SF:src/components/user/user.service.ts
FN:6,(anonymous_0)
FN:10,(anonymous_1)
FN:15,(anonymous_2)
FN:19,(anonymous_3)
FNF:4
FNH:4
FNDA:1,(anonymous_0)
FNDA:2,(anonymous_1)
FNDA:1,(anonymous_2)
FNDA:2,(anonymous_3)
DA:2,2
DA:3,2
DA:4,2
DA:6,2
DA:7,1
DA:10,2
DA:11,2
DA:12,2
DA:15,2
DA:16,1
DA:19,2
DA:20,2
DA:21,2
LF:13
LH:13
BRDA:12,0,0,2
BRDA:12,0,1,1
BRDA:21,1,0,2
BRDA:21,1,1,1
BRF:4
BRH:4
end_of_record
